::1 - - [07/Jun/2018:20:27:31 +0000] "GET / HTTP/1.1" 200 1223 "-" "Mozilla/5.0 (Macintosh; Intel Mac OS X 10_13_4) AppleWebKit/537.36 (KHTML, like Gecko) Chrome/66.0.3359.181 Safari/537.36"
::1 - - [07/Jun/2018:20:27:31 +0000] "GET /app.js HTTP/1.1" 404 145 "http://localhost:3000/" "Mozilla/5.0 (Macintosh; Intel Mac OS X 10_13_4) AppleWebKit/537.36 (KHTML, like Gecko) Chrome/66.0.3359.181 Safari/537.36"
::1 - - [07/Jun/2018:20:27:31 +0000] "GET /css/style.css HTTP/1.1" 200 1120 "http://localhost:3000/" "Mozilla/5.0 (Macintosh; Intel Mac OS X 10_13_4) AppleWebKit/537.36 (KHTML, like Gecko) Chrome/66.0.3359.181 Safari/537.36"
::1 - - [07/Jun/2018:20:27:32 +0000] "GET /app.js HTTP/1.1" 404 145 "http://localhost:3000/" "Mozilla/5.0 (Macintosh; Intel Mac OS X 10_13_4) AppleWebKit/537.36 (KHTML, like Gecko) Chrome/66.0.3359.181 Safari/537.36"
::1 - - [07/Jun/2018:20:27:32 +0000] "GET /img/books.jpg HTTP/1.1" 200 439980 "http://localhost:3000/css/style.css" "Mozilla/5.0 (Macintosh; Intel Mac OS X 10_13_4) AppleWebKit/537.36 (KHTML, like Gecko) Chrome/66.0.3359.181 Safari/537.36"
::1 - - [07/Jun/2018:20:27:36 +0000] "GET /saved.html HTTP/1.1" 200 1061 "http://localhost:3000/" "Mozilla/5.0 (Macintosh; Intel Mac OS X 10_13_4) AppleWebKit/537.36 (KHTML, like Gecko) Chrome/66.0.3359.181 Safari/537.36"
::1 - - [07/Jun/2018:20:27:36 +0000] "GET /css/style.css HTTP/1.1" 304 - "http://localhost:3000/saved.html" "Mozilla/5.0 (Macintosh; Intel Mac OS X 10_13_4) AppleWebKit/537.36 (KHTML, like Gecko) Chrome/66.0.3359.181 Safari/537.36"
::1 - - [07/Jun/2018:20:27:36 +0000] "GET /img/books.jpg HTTP/1.1" 304 - "http://localhost:3000/css/style.css" "Mozilla/5.0 (Macintosh; Intel Mac OS X 10_13_4) AppleWebKit/537.36 (KHTML, like Gecko) Chrome/66.0.3359.181 Safari/537.36"
::1 - - [07/Jun/2018:20:27:57 +0000] "GET /articles HTTP/1.1" 200 2 "-" "Mozilla/5.0 (Macintosh; Intel Mac OS X 10_13_4) AppleWebKit/537.36 (KHTML, like Gecko) Chrome/66.0.3359.181 Safari/537.36"
::1 - - [07/Jun/2018:20:28:16 +0000] "GET //scrape HTTP/1.1" 404 146 "-" "Mozilla/5.0 (Macintosh; Intel Mac OS X 10_13_4) AppleWebKit/537.36 (KHTML, like Gecko) Chrome/66.0.3359.181 Safari/537.36"
::1 - - [07/Jun/2018:20:28:25 +0000] "GET /scrape HTTP/1.1" 304 - "-" "Mozilla/5.0 (Macintosh; Intel Mac OS X 10_13_4) AppleWebKit/537.36 (KHTML, like Gecko) Chrome/66.0.3359.181 Safari/537.36"
::1 - - [07/Jun/2018:20:28:29 +0000] "GET /articles HTTP/1.1" 304 - "-" "Mozilla/5.0 (Macintosh; Intel Mac OS X 10_13_4) AppleWebKit/537.36 (KHTML, like Gecko) Chrome/66.0.3359.181 Safari/537.36"
::1 - - [07/Jun/2018:20:35:53 +0000] "GET / HTTP/1.1" 304 - "-" "Mozilla/5.0 (Macintosh; Intel Mac OS X 10_13_4) AppleWebKit/537.36 (KHTML, like Gecko) Chrome/66.0.3359.181 Safari/537.36"
::1 - - [07/Jun/2018:20:35:53 +0000] "GET /css/style.css HTTP/1.1" 304 - "http://localhost:3000/" "Mozilla/5.0 (Macintosh; Intel Mac OS X 10_13_4) AppleWebKit/537.36 (KHTML, like Gecko) Chrome/66.0.3359.181 Safari/537.36"
::1 - - [07/Jun/2018:20:35:53 +0000] "GET /app.js HTTP/1.1" 404 145 "http://localhost:3000/" "Mozilla/5.0 (Macintosh; Intel Mac OS X 10_13_4) AppleWebKit/537.36 (KHTML, like Gecko) Chrome/66.0.3359.181 Safari/537.36"
::1 - - [07/Jun/2018:20:35:53 +0000] "GET /img/books.jpg HTTP/1.1" 304 - "http://localhost:3000/css/style.css" "Mozilla/5.0 (Macintosh; Intel Mac OS X 10_13_4) AppleWebKit/537.36 (KHTML, like Gecko) Chrome/66.0.3359.181 Safari/537.36"
::1 - - [07/Jun/2018:20:35:53 +0000] "GET /app.js HTTP/1.1" 404 145 "http://localhost:3000/" "Mozilla/5.0 (Macintosh; Intel Mac OS X 10_13_4) AppleWebKit/537.36 (KHTML, like Gecko) Chrome/66.0.3359.181 Safari/537.36"
::1 - - [07/Jun/2018:20:35:58 +0000] "GET /scrape HTTP/1.1" 304 - "-" "Mozilla/5.0 (Macintosh; Intel Mac OS X 10_13_4) AppleWebKit/537.36 (KHTML, like Gecko) Chrome/66.0.3359.181 Safari/537.36"
::1 - - [07/Jun/2018:20:36:02 +0000] "GET /articles HTTP/1.1" 304 - "-" "Mozilla/5.0 (Macintosh; Intel Mac OS X 10_13_4) AppleWebKit/537.36 (KHTML, like Gecko) Chrome/66.0.3359.181 Safari/537.36"
::1 - - [08/Jun/2018:21:24:24 +0000] "GET / HTTP/1.1" 304 - "-" "Mozilla/5.0 (Macintosh; Intel Mac OS X 10_13_4) AppleWebKit/537.36 (KHTML, like Gecko) Chrome/66.0.3359.181 Safari/537.36"
::1 - - [08/Jun/2018:21:24:24 +0000] "GET /css/style.css HTTP/1.1" 304 - "http://localhost:3000/" "Mozilla/5.0 (Macintosh; Intel Mac OS X 10_13_4) AppleWebKit/537.36 (KHTML, like Gecko) Chrome/66.0.3359.181 Safari/537.36"
::1 - - [08/Jun/2018:21:24:24 +0000] "GET /app.js HTTP/1.1" 404 145 "http://localhost:3000/" "Mozilla/5.0 (Macintosh; Intel Mac OS X 10_13_4) AppleWebKit/537.36 (KHTML, like Gecko) Chrome/66.0.3359.181 Safari/537.36"
::1 - - [08/Jun/2018:21:24:25 +0000] "GET /img/books.jpg HTTP/1.1" 304 - "http://localhost:3000/css/style.css" "Mozilla/5.0 (Macintosh; Intel Mac OS X 10_13_4) AppleWebKit/537.36 (KHTML, like Gecko) Chrome/66.0.3359.181 Safari/537.36"
::1 - - [08/Jun/2018:21:24:25 +0000] "GET /app.js HTTP/1.1" 404 145 "http://localhost:3000/" "Mozilla/5.0 (Macintosh; Intel Mac OS X 10_13_4) AppleWebKit/537.36 (KHTML, like Gecko) Chrome/66.0.3359.181 Safari/537.36"
